<?xml version="1.0" encoding="UTF-8"?>
<testsuite xmlns:xsi="http://www.w3.org/2001/XMLSchema-instance" xsi:noNamespaceSchemaLocation="https://maven.apache.org/surefire/maven-surefire-plugin/xsd/surefire-test-report-3.0.xsd" version="3.0" name="com.polarbookshop.catalogservice.web.BookControllerMvcTests" time="3.29" tests="1" errors="0" skipped="0" failures="0">
  <properties>
[...]
</properties>
  <testcase name="whenGetBookNotExistingThenShouldReturn404" classname="com.polarbookshop.catalogservice.web.BookControllerMvcTests" time="0.06">
    <system-out><![CDATA[16:15:15.338 [main] INFO org.springframework.test.context.support.AnnotationConfigContextLoaderUtils -- Could not detect default configuration classes for test class [com.polarbookshop.catalogservice.web.BookControllerMvcTests]: BookControllerMvcTests does not declare any static, non-private, non-final, nested classes annotated with @Configuration.
16:15:15.513 [main] INFO org.springframework.boot.test.context.SpringBootTestContextBootstrapper -- Found @SpringBootConfiguration com.polarbookshop.catalogservice.CatalogServiceApplication for test class com.polarbookshop.catalogservice.web.BookControllerMvcTests

  .   ____          _            __ _ _
 /\\ / ___'_ __ _ _(_)_ __  __ _ \ \ \ \
( ( )\___ | '_ | '_| | '_ \/ _` | \ \ \ \
 \\/  ___)| |_)| | | | | || (_| |  ) ) ) )
  '  |____| .__|_| |_|_| |_\__, | / / / /
 =========|_|==============|___/=/_/_/_/
 :: Spring Boot ::                (v3.1.2)

2023-08-30T16:15:17.249-07:00  INFO 20100 --- [           main] c.p.c.web.BookControllerMvcTests         : Starting BookControllerMvcTests using Java 17.0.3 with PID 20100 (started by ashley.clark in /home/ashley.clark/src/catalog-service/Chapter04)
2023-08-30T16:15:17.251-07:00  INFO 20100 --- [           main] c.p.c.web.BookControllerMvcTests         : No active profile set, falling back to 1 default profile: "default"
2023-08-30T16:15:17.265-07:00  INFO 20100 --- [           main] o.s.c.c.c.ConfigServerConfigDataLoader   : Fetching config from server at : http://localhost:8888
2023-08-30T16:15:17.265-07:00  INFO 20100 --- [           main] o.s.c.c.c.ConfigServerConfigDataLoader   : Located environment: name=catalog-service, profiles=[default], label=null, version=dbed7de10f7ba792d1ab2aae2ab6aca631f75e71, state=null
2023-08-30T16:15:18.272-07:00  INFO 20100 --- [           main] o.s.b.t.m.w.SpringBootMockServletContext : Initializing Spring TestDispatcherServlet ''
2023-08-30T16:15:18.273-07:00  INFO 20100 --- [           main] o.s.t.web.servlet.TestDispatcherServlet  : Initializing Servlet ''
2023-08-30T16:15:18.279-07:00  INFO 20100 --- [           main] o.s.t.web.servlet.TestDispatcherServlet  : Completed initialization in 3 ms
2023-08-30T16:15:18.437-07:00  INFO 20100 --- [           main] c.p.c.web.BookControllerMvcTests         : Started BookControllerMvcTests in 2.826 seconds (process running for 5.342)
]]></system-out>
  </testcase>
</testsuite>